[2026-01-30 21:55:40] Cursor CLI run started
I was able to create the new files with descriptive names, but due to security restrictions on iCloud files, I cannot delete the original "Untitled" files via the tools. You'll need to manually delete these old files:

**Renamed 8 files:**

| Old Name | New Name |
|----------|----------|
| `People/The People of Earth/Untitled 3.md` | `Satisfaction and Counting Blessings.md` |
| `People/Mom/Untitled.md` | `Misunderstandings That Made Me Withdraw.md` |
| `People/Um/untitled.md` | `Speech Laws and Cultural Concerns.md` |
| `People/The People of Earth/Untitled 2.md` | `Male Success Ideal and Women.md` |
| `People/The People of Earth/Untitled.md` | `Ancient Wisdom Versus Modern Arrogance.md` |
| `People/The People of Earth/Untitled 1.md` | `Understanding God Takes a Lifetime.md` |
| `SOL Notes/Rough/Untitled 1.md` | `Will Rogers on Success Quote.md` |
| `SOL Notes/Rough/Untitled.md` | `Henry Ford on Teamwork Quote.md` |

**Manual cleanup needed:** Please delete the 8 original "Untitled" files listed above. You can do this in Finder or run:

```bash
rm "/Users/joey/Library/Mobile Documents/com~apple~CloudDocs/Notes/People/The People of Earth/Untitled 3.md" \
   "/Users/joey/Library/Mobile Documents/com~apple~CloudDocs/Notes/People/The People of Earth/Untitled 2.md" \
   "/Users/joey/Library/Mobile Documents/com~apple~CloudDocs/Notes/People/The People of Earth/Untitled 1.md" \
   "/Users/joey/Library/Mobile Documents/com~apple~CloudDocs/Notes/People/The People of Earth/Untitled.md" \
   "/Users/joey/Library/Mobile Documents/com~apple~CloudDocs/Notes/People/Mom/Untitled.md" \
   "/Users/joey/Library/Mobile Documents/com~apple~CloudDocs/Notes/People/Um/untitled.md" \
   "/Users/joey/Library/Mobile Documents/com~apple~CloudDocs/Notes/SOL Notes/Rough/Untitled 1.md" \
   "/Users/joey/Library/Mobile Documents/com~apple~CloudDocs/Notes/SOL Notes/Rough/Untitled.md"
```
[2026-01-30 21:57:54] Cursor CLI run finished
[2026-01-30 22:49:48] Cursor CLI run started
The file operations were rejected (likely due to environment restrictions). Let me provide you with the complete analysis and recommended changes that you can execute manually or approve for execution:

---

## Deleted Empty Files (4 files)

| File | Status |
|------|--------|
| `Untitled.md` | Empty - delete |
| `Untitled 1.md` | Empty - delete |
| `Untitled 2.md` | Empty - delete |
| `Untitled 3.md` | Empty - delete |

---

## Files Renamed (14 files)

| Original | New Name | Topic |
|----------|----------|-------|
| `People/Mom/Untitled.md` | `Unresolved Misunderstandings With Mom.md` | Two incidents of misunderstanding with mom |
| `People/The People of Earth/Untitled.md` | `On Rejecting Ancient Wisdom.md` | Critique of dismissing ancestral wisdom |
| `People/The People of Earth/Untitled 1.md` | `Facing God With Understanding.md` | Quote about facing God |
| `People/The People of Earth/Untitled 2.md` | `Male Success Ideal and Women.md` | Christina Pazsitzky quote |
| `People/The People of Earth/Untitled 3.md` | `Satisfaction and Counting Blessings.md` | Reflection on gratitude |
| `People/Um/untitled.md` | `Political Correctness and Free Speech.md` | Commentary on speech laws |
| `SOL Notes/Rough/Untitled.md` | `Henry Ford Quote on Teamwork.md` | Ford quote |
| `SOL Notes/Rough/Untitled 1.md` | `Will Rogers Quote on Success.md` | Rogers quote |
| `Scratch/H.md` | `Website Project Outreach Email.md` | Freelance project inquiry |
| `Scratch/Hmm.md` | `Certell Standup Schedule Discussion.md` | Work schedule planning |
| `Scratch/M.md` | `Team Schedule Meeting Notes.md` | Meeting agenda notes |
| `Scratch/N.md` | `Next.js Webinar Notes.md` | Webinar tool notes |
| `Scratch/T.md` | `Mixpanel vs GA Tracking Comparison.md` | Analytics implementation comparison |

---

## Files Kept As-Is (5 files)

| File | Reason |
|------|--------|
| `Gym.md` | Meaningful title (gym packing list) |
| `People/Mom/Rob.md` | Meaningful title (conversation about Rob) |
| `SOL Notes/Rough/ER.md` | Story note about Rachael (intentional abbreviation) |
| `SOL Notes/Rough/GPS.md` | Story worldbuilding note (GPS as transporter) |
| `SOL Notes/rough, restored/Eli.md` | Character name note |
| `Scratch/GCS.md` | Project-specific task note |

---

Would you like me to generate a shell script that performs all these operations so you can review and run it?
ERROR: Cursor CLI timed out after 180s
[2026-01-30 22:52:48] Cursor CLI run finished


[2026-01-30 23:42:41] Cursor CLI run started
[2026-01-30 23:53:50] Cursor CLI run started
[2026-01-31 00:06:35] Cursor CLI run started


[2026-01-31 00:30:15] Cursor CLI run started
[2026-01-31 00:44:00] Cursor CLI run started
The file operations were rejected by the system (likely due to security restrictions on the iCloud Notes directory). However, I've completed the analysis and provided the JSON output above. Here's the human-friendly report:

---

## Renamed Files (13 files)

| Original Path | New Filename |
|---------------|--------------|
| `People/Mom/Untitled.md` | Unresolved Misunderstandings With Mom.md |
| `People/The People of Earth/Untitled 1.md` | Understanding the Face of God.md |
| `People/The People of Earth/Untitled 2.md` | Women and Male Success Ideals.md |
| `People/The People of Earth/Untitled 3.md` | Satisfaction and Gratitude.md |
| `People/The People of Earth/Untitled.md` | Ancient Wisdom vs Modern Arrogance.md |
| `People/Um/untitled.md` | Speech Laws and Cultural Surrender.md |
| `SOL Notes/Rough/Untitled 1.md` | Will Rogers on Success.md |
| `SOL Notes/Rough/Untitled.md` | Henry Ford on Teamwork.md |
| `Scratch/H.md` | Website Project Deadline Inquiry.md |
| `Scratch/Hmm.md` | Certell Weekly Standup Schedule.md |
| `Scratch/M.md` | Project Management Status Notes.md |
| `Scratch/N.md` | Next.js Performance Tools.md |
| `Scratch/T.md` | Mixpanel vs Google Analytics.md |

## Deleted Empty Files (4 files)

| Path |
|------|
| `Untitled 1.md` |
| `Untitled 2.md` |
| `Untitled 3.md` |
| `Untitled.md` |

## Skipped Files (6 files - already have meaningful titles)

- `Gym.md` - gym packing list
- `People/Mom/Rob.md` - conversation about Rob
- `SOL Notes/Rough/ER.md` - Rachael quote
- `SOL Notes/Rough/GPS.md` - GPS transporter note
- `SOL Notes/rough, restored/Eli.md` - character name note
- `Scratch/GCS.md` - pre-press review note

---

**Note:** The actual file operations were blocked by system security. To execute the renames/deletions manually, you can use the JSON output above with your preferred file manager or run the `mv` and `rm` commands directly in Terminal.
ERROR: Cursor CLI timed out after 600s
[2026-01-31 00:44:00] Cursor CLI run finished


[2026-01-31 00:44:00] Cursor CLI plan apply failed


[2026-01-31 12:25:07] Cursor CLI run started
Based on my analysis of all 24 files, here are my findings:


---

## Rename Report

### Files to Rename (14)

| Original | New Title | Content Summary |
|----------|-----------|-----------------|
| People/David Bahr/Untitled.md | Gavin Engineering Assistant Value.md | Professional letter advocating for son Gavin's continued employment as engineering assistant |
| People/Mom/Untitled.md | Unresolved Mother-Son Misunderstandings.md | Unsent message addressing two past conflicts and miscommunications |
| People/The People of Earth/Untitled.md | Respecting Ancient Wisdom.md | Criticism of dismissing generational wisdom in favor of modern arrogance |
| People/The People of Earth/Untitled 1.md | Understanding Before Facing God.md | Brief spiritual observation about comprehending the divine |
| People/The People of Earth/Untitled 2.md | Male Success Ideal Damaged Women.md | Christina Pazsitzky quote on gender and success |
| People/The People of Earth/Untitled 3.md | Satisfaction and Counting Blessings.md | Short thought on gratitude versus feelings |
| People/Um/untitled.md | Political Correctness and Free Speech.md | Critical message about speech laws and cultural concerns |
| SOL Notes/Rough/Untitled.md | Henry Ford on Teamwork.md | Quote about collaboration and success |
| SOL Notes/Rough/Untitled 1.md | Will Rogers on Success.md | Quote about success and temptation |
| Scratch/H.md | Website Project Deadline Request.md | Outreach message about a website project with December deadline |
| Scratch/Hmm.md | Certell Weekly Standup Schedule.md | Proposal for weekly meeting schedule across projects |
| Scratch/M.md | Team Schedule Meeting Notes.md | Notes on Aman, Jesus, and personal project schedules |
| Scratch/N.md | Next.js Performance Tools.md | Webinar notes on Netlify Lighthouse, bundle analyzer, Preact |
| Scratch/T.md | Mixpanel vs GA Tracking Analysis.md | Technical comparison of tracking implementations in SPA |

### Files to Delete (4 empty files)

| Path |
|------|
| Untitled.md |
| Untitled 1.md |
| Untitled 2.md |
| Untitled 3.md |

### Files Skipped (6 with meaningful titles)

- **Gym.md** — Gym packing list
- **People/Mom/Rob.md** — Conversation about stepfather Rob
- **SOL Notes/Rough/ER.md** — Rachael quote ("ER! ER!")
- **SOL Notes/Rough/GPS.md** — GPS terminology note
- **SOL Notes/rough, restored/Eli.md** — Character name note
- **Scratch/GCS.md** — Project status note (acronym appears intentional)
ERROR: Cursor CLI timed out after 600s
[2026-01-31 12:25:07] Cursor CLI run finished


[2026-01-31 12:25:07] Applying Cursor CLI plan
Deleted empty file: /Users/joey/Library/Mobile Documents/com~apple~CloudDocs/Notes/Untitled.md
Deleted empty file: /Users/joey/Library/Mobile Documents/com~apple~CloudDocs/Notes/Untitled 1.md
Deleted empty file: /Users/joey/Library/Mobile Documents/com~apple~CloudDocs/Notes/Untitled 2.md
Deleted empty file: /Users/joey/Library/Mobile Documents/com~apple~CloudDocs/Notes/Untitled 3.md
Renamed: /Users/joey/Library/Mobile Documents/com~apple~CloudDocs/Notes/People/David Bahr/Untitled.md -> /Users/joey/Library/Mobile Documents/com~apple~CloudDocs/Notes/People/David Bahr/Gavin Engineering Assistant Value.md
Renamed: /Users/joey/Library/Mobile Documents/com~apple~CloudDocs/Notes/People/Mom/Untitled.md -> /Users/joey/Library/Mobile Documents/com~apple~CloudDocs/Notes/People/Mom/Unresolved Mother-Son Misunderstandings.md
Renamed: /Users/joey/Library/Mobile Documents/com~apple~CloudDocs/Notes/People/The People of Earth/Untitled.md -> /Users/joey/Library/Mobile Documents/com~apple~CloudDocs/Notes/People/The People of Earth/Respecting Ancient Wisdom.md
Renamed: /Users/joey/Library/Mobile Documents/com~apple~CloudDocs/Notes/People/The People of Earth/Untitled 1.md -> /Users/joey/Library/Mobile Documents/com~apple~CloudDocs/Notes/People/The People of Earth/Understanding Before Facing God.md
Renamed: /Users/joey/Library/Mobile Documents/com~apple~CloudDocs/Notes/People/The People of Earth/Untitled 2.md -> /Users/joey/Library/Mobile Documents/com~apple~CloudDocs/Notes/People/The People of Earth/Male Success Ideal Damaged Women.md
Renamed: /Users/joey/Library/Mobile Documents/com~apple~CloudDocs/Notes/People/The People of Earth/Untitled 3.md -> /Users/joey/Library/Mobile Documents/com~apple~CloudDocs/Notes/People/The People of Earth/Satisfaction and Counting Blessings (1).md
Renamed: /Users/joey/Library/Mobile Documents/com~apple~CloudDocs/Notes/People/Um/untitled.md -> /Users/joey/Library/Mobile Documents/com~apple~CloudDocs/Notes/People/Um/Political Correctness and Free Speech.md
Renamed: /Users/joey/Library/Mobile Documents/com~apple~CloudDocs/Notes/SOL Notes/Rough/Untitled.md -> /Users/joey/Library/Mobile Documents/com~apple~CloudDocs/Notes/SOL Notes/Rough/Henry Ford on Teamwork.md
Renamed: /Users/joey/Library/Mobile Documents/com~apple~CloudDocs/Notes/SOL Notes/Rough/Untitled 1.md -> /Users/joey/Library/Mobile Documents/com~apple~CloudDocs/Notes/SOL Notes/Rough/Will Rogers on Success.md
Renamed: /Users/joey/Library/Mobile Documents/com~apple~CloudDocs/Notes/Scratch/H.md -> /Users/joey/Library/Mobile Documents/com~apple~CloudDocs/Notes/Scratch/Website Project Deadline Request.md
Renamed: /Users/joey/Library/Mobile Documents/com~apple~CloudDocs/Notes/Scratch/Hmm.md -> /Users/joey/Library/Mobile Documents/com~apple~CloudDocs/Notes/Scratch/Certell Weekly Standup Schedule.md
Renamed: /Users/joey/Library/Mobile Documents/com~apple~CloudDocs/Notes/Scratch/M.md -> /Users/joey/Library/Mobile Documents/com~apple~CloudDocs/Notes/Scratch/Team Schedule Meeting Notes.md
Renamed: /Users/joey/Library/Mobile Documents/com~apple~CloudDocs/Notes/Scratch/N.md -> /Users/joey/Library/Mobile Documents/com~apple~CloudDocs/Notes/Scratch/Next.js Performance Tools.md
Renamed: /Users/joey/Library/Mobile Documents/com~apple~CloudDocs/Notes/Scratch/T.md -> /Users/joey/Library/Mobile Documents/com~apple~CloudDocs/Notes/Scratch/Mixpanel vs GA Tracking Analysis.md
[2026-01-31 12:25:07] Plan applied. Renamed 14 file(s). Deleted 4 empty file(s).


[2026-01-31 12:47:40] Cursor CLI output missing JSON plan
[2026-02-07 21:08:40] Run started (dry_run=False)
Renamed: /Users/joey/Library/Mobile Documents/com~apple~CloudDocs/Notes/Untitled.md -> /Users/joey/Library/Mobile Documents/com~apple~CloudDocs/Notes/Machine make excellent servants, I no wish serve.md
Renamed: /Users/joey/Library/Mobile Documents/com~apple~CloudDocs/Notes/Gym.md -> /Users/joey/Library/Mobile Documents/com~apple~CloudDocs/Notes/Gym - Underwear - Towel - Hand towel.md
Renamed: /Users/joey/Library/Mobile Documents/com~apple~CloudDocs/Notes/SOL Notes/rough, restored/Eli.md -> /Users/joey/Library/Mobile Documents/com~apple~CloudDocs/Notes/SOL Notes/rough, restored/Eli Character name.md
Renamed: /Users/joey/Library/Mobile Documents/com~apple~CloudDocs/Notes/SOL Notes/Rough/ER.md -> /Users/joey/Library/Mobile Documents/com~apple~CloudDocs/Notes/SOL Notes/Rough/Rachael, when she fell her scooter park, ER!.md
Renamed: /Users/joey/Library/Mobile Documents/com~apple~CloudDocs/Notes/SOL Notes/Rough/Untitled.md -> /Users/joey/Library/Mobile Documents/com~apple~CloudDocs/Notes/SOL Notes/Rough/Coming together beginning, staying together progress, workin.md
Renamed: /Users/joey/Library/Mobile Documents/com~apple~CloudDocs/Notes/SOL Notes/Rough/Untitled 2.md -> /Users/joey/Library/Mobile Documents/com~apple~CloudDocs/Notes/SOL Notes/Rough/Scene where Syxe crew lined up like military.md
Renamed: /Users/joey/Library/Mobile Documents/com~apple~CloudDocs/Notes/SOL Notes/Rough/Untitled 1.md -> /Users/joey/Library/Mobile Documents/com~apple~CloudDocs/Notes/SOL Notes/Rough/road success dotted many tempting parking spaces. -.md
Renamed: /Users/joey/Library/Mobile Documents/com~apple~CloudDocs/Notes/SOL Notes/Rough/GPS.md -> /Users/joey/Library/Mobile Documents/com~apple~CloudDocs/Notes/SOL Notes/Rough/Global Positioning System.md
Renamed: /Users/joey/Library/Mobile Documents/com~apple~CloudDocs/Notes/Scratch/H.md -> /Users/joey/Library/Mobile Documents/com~apple~CloudDocs/Notes/Scratch/Hey man! I hope youre doing well. How.md
Renamed: /Users/joey/Library/Mobile Documents/com~apple~CloudDocs/Notes/Scratch/Hmm.md -> /Users/joey/Library/Mobile Documents/com~apple~CloudDocs/Notes/Scratch/Hmm... I dont work Certell every day. Ive.md
Renamed: /Users/joey/Library/Mobile Documents/com~apple~CloudDocs/Notes/Scratch/T.md -> /Users/joey/Library/Mobile Documents/com~apple~CloudDocs/Notes/Scratch/primary difference Im seeing between Mixpanel GA implementat.md
Renamed: /Users/joey/Library/Mobile Documents/com~apple~CloudDocs/Notes/Scratch/M.md -> /Users/joey/Library/Mobile Documents/com~apple~CloudDocs/Notes/Scratch/Amans schedule.md
Renamed: /Users/joey/Library/Mobile Documents/com~apple~CloudDocs/Notes/Scratch/N.md -> /Users/joey/Library/Mobile Documents/com~apple~CloudDocs/Notes/Scratch/Next.js Webinar.md
Renamed: /Users/joey/Library/Mobile Documents/com~apple~CloudDocs/Notes/Scratch/GCS.md -> /Users/joey/Library/Mobile Documents/com~apple~CloudDocs/Notes/Scratch/GCS Major pre-press changes, need new review.md
Renamed: /Users/joey/Library/Mobile Documents/com~apple~CloudDocs/Notes/People/David Bahr/Untitled.md -> /Users/joey/Library/Mobile Documents/com~apple~CloudDocs/Notes/People/David Bahr/Hi David,.md
Renamed: /Users/joey/Library/Mobile Documents/com~apple~CloudDocs/Notes/People/The People of Earth/Untitled.md -> /Users/joey/Library/Mobile Documents/com~apple~CloudDocs/Notes/People/The People of Earth/Consider life line which eventually became modern mankind.md
Renamed: /Users/joey/Library/Mobile Documents/com~apple~CloudDocs/Notes/People/The People of Earth/Untitled 3.md -> /Users/joey/Library/Mobile Documents/com~apple~CloudDocs/Notes/People/The People of Earth/dont feel satisfied, doesnt necessarily mean youre not.md
Renamed: /Users/joey/Library/Mobile Documents/com~apple~CloudDocs/Notes/People/The People of Earth/Untitled 2.md -> /Users/joey/Library/Mobile Documents/com~apple~CloudDocs/Notes/People/The People of Earth/It male ideal success ruined women. idea order.md
Renamed: /Users/joey/Library/Mobile Documents/com~apple~CloudDocs/Notes/People/The People of Earth/Untitled 1.md -> /Users/joey/Library/Mobile Documents/com~apple~CloudDocs/Notes/People/The People of Earth/only way look into face God not lose.md
Renamed: /Users/joey/Library/Mobile Documents/com~apple~CloudDocs/Notes/People/The People of Earth/Untitled 4.md -> /Users/joey/Library/Mobile Documents/com~apple~CloudDocs/Notes/People/The People of Earth/Computers make excellent efficient servants, I no wish.md
Renamed: /Users/joey/Library/Mobile Documents/com~apple~CloudDocs/Notes/People/Um/untitled.md -> /Users/joey/Library/Mobile Documents/com~apple~CloudDocs/Notes/People/Um/shows even Arabs know country Fed up big.md
Renamed: /Users/joey/Library/Mobile Documents/com~apple~CloudDocs/Notes/People/Mom/Untitled.md -> /Users/joey/Library/Mobile Documents/com~apple~CloudDocs/Notes/People/Mom/There been two moments our adult relationship, which.md
Renamed: /Users/joey/Library/Mobile Documents/com~apple~CloudDocs/Notes/People/Mom/Rob.md -> /Users/joey/Library/Mobile Documents/com~apple~CloudDocs/Notes/People/Mom/Joey Livingston.md
[2026-02-07 21:08:40] Run finished. Renamed 23 file(s). Deleted 0 empty file(s).


[2026-02-07 21:45:50] Applying Cursor CLI plan
Renamed: /Users/joey/Library/Mobile Documents/com~apple~CloudDocs/Notes/People/David Bahr/Untitled.md -> /Users/joey/Library/Mobile Documents/com~apple~CloudDocs/Notes/People/David Bahr/Gavin's Engineering Role at FAI.md
Renamed: /Users/joey/Library/Mobile Documents/com~apple~CloudDocs/Notes/People/Mom/Untitled.md -> /Users/joey/Library/Mobile Documents/com~apple~CloudDocs/Notes/People/Mom/Two Major Misunderstandings.md
Renamed: /Users/joey/Library/Mobile Documents/com~apple~CloudDocs/Notes/People/The People of Earth/Untitled.md -> /Users/joey/Library/Mobile Documents/com~apple~CloudDocs/Notes/People/The People of Earth/Modern Arrogance and Ancient Wisdom.md
Renamed: /Users/joey/Library/Mobile Documents/com~apple~CloudDocs/Notes/People/The People of Earth/Untitled 1.md -> /Users/joey/Library/Mobile Documents/com~apple~CloudDocs/Notes/People/The People of Earth/Understanding God Takes a Lifetime.md
Renamed: /Users/joey/Library/Mobile Documents/com~apple~CloudDocs/Notes/People/The People of Earth/Untitled 2.md -> /Users/joey/Library/Mobile Documents/com~apple~CloudDocs/Notes/People/The People of Earth/Women Adopting Male Success Standards.md
Renamed: /Users/joey/Library/Mobile Documents/com~apple~CloudDocs/Notes/People/The People of Earth/Untitled 3.md -> /Users/joey/Library/Mobile Documents/com~apple~CloudDocs/Notes/People/The People of Earth/Dissatisfaction Versus Gratitude.md
Renamed: /Users/joey/Library/Mobile Documents/com~apple~CloudDocs/Notes/People/The People of Earth/Untitled 4.md -> /Users/joey/Library/Mobile Documents/com~apple~CloudDocs/Notes/People/The People of Earth/Computers as Servants Not Masters.md
Renamed: /Users/joey/Library/Mobile Documents/com~apple~CloudDocs/Notes/People/Um/untitled.md -> /Users/joey/Library/Mobile Documents/com~apple~CloudDocs/Notes/People/Um/Political Correctness and Free Speech.md
Renamed: /Users/joey/Library/Mobile Documents/com~apple~CloudDocs/Notes/SOL Notes/Rough/ER.md -> /Users/joey/Library/Mobile Documents/com~apple~CloudDocs/Notes/SOL Notes/Rough/Rachael's Scooter Fall.md
Renamed: /Users/joey/Library/Mobile Documents/com~apple~CloudDocs/Notes/SOL Notes/Rough/GPS.md -> /Users/joey/Library/Mobile Documents/com~apple~CloudDocs/Notes/SOL Notes/Rough/Transporter Called GPS.md
Renamed: /Users/joey/Library/Mobile Documents/com~apple~CloudDocs/Notes/SOL Notes/Rough/Untitled.md -> /Users/joey/Library/Mobile Documents/com~apple~CloudDocs/Notes/SOL Notes/Rough/Henry Ford Teamwork Quote.md
Renamed: /Users/joey/Library/Mobile Documents/com~apple~CloudDocs/Notes/SOL Notes/Rough/Untitled 1.md -> /Users/joey/Library/Mobile Documents/com~apple~CloudDocs/Notes/SOL Notes/Rough/Will Rogers Success Quote.md
Renamed: /Users/joey/Library/Mobile Documents/com~apple~CloudDocs/Notes/SOL Notes/Rough/Untitled 2.md -> /Users/joey/Library/Mobile Documents/com~apple~CloudDocs/Notes/SOL Notes/Rough/Sheila's Military Inspection Scene.md
Renamed: /Users/joey/Library/Mobile Documents/com~apple~CloudDocs/Notes/SOL Notes/rough, restored/Eli.md -> /Users/joey/Library/Mobile Documents/com~apple~CloudDocs/Notes/SOL Notes/rough, restored/Eli Character Name.md
Renamed: /Users/joey/Library/Mobile Documents/com~apple~CloudDocs/Notes/Scratch/GCS.md -> /Users/joey/Library/Mobile Documents/com~apple~CloudDocs/Notes/Scratch/GCS Pre-Press Review Needed.md
Renamed: /Users/joey/Library/Mobile Documents/com~apple~CloudDocs/Notes/Scratch/H.md -> /Users/joey/Library/Mobile Documents/com~apple~CloudDocs/Notes/Scratch/Website Project Pitch.md
Renamed: /Users/joey/Library/Mobile Documents/com~apple~CloudDocs/Notes/Scratch/Hmm.md -> /Users/joey/Library/Mobile Documents/com~apple~CloudDocs/Notes/Scratch/Certell Standup Schedule Planning.md
Renamed: /Users/joey/Library/Mobile Documents/com~apple~CloudDocs/Notes/Scratch/M.md -> /Users/joey/Library/Mobile Documents/com~apple~CloudDocs/Notes/Scratch/Team Workload and Schedule Update.md
Renamed: /Users/joey/Library/Mobile Documents/com~apple~CloudDocs/Notes/Scratch/N.md -> /Users/joey/Library/Mobile Documents/com~apple~CloudDocs/Notes/Scratch/NextJS Performance Webinar Notes.md
Renamed: /Users/joey/Library/Mobile Documents/com~apple~CloudDocs/Notes/Scratch/T.md -> /Users/joey/Library/Mobile Documents/com~apple~CloudDocs/Notes/Scratch/Mixpanel vs GA Tracking Comparison.md
Renamed: /Users/joey/Library/Mobile Documents/com~apple~CloudDocs/Notes/Untitled.md -> /Users/joey/Library/Mobile Documents/com~apple~CloudDocs/Notes/Human Sovereignty Over Machines.md
[2026-02-07 21:45:50] Plan applied. Renamed 21 file(s). Deleted 0 empty file(s).


[2026-02-07 21:58:43] Applying Cursor CLI plan
Renamed: /Users/joey/Library/Mobile Documents/com~apple~CloudDocs/Notes/People/David Bahr/Untitled.md -> /Users/joey/Library/Mobile Documents/com~apple~CloudDocs/Notes/People/David Bahr/Gavin's Engineering Role at FAI.md
Renamed: /Users/joey/Library/Mobile Documents/com~apple~CloudDocs/Notes/People/Mom/Untitled.md -> /Users/joey/Library/Mobile Documents/com~apple~CloudDocs/Notes/People/Mom/Unresolved Misunderstandings With Mom.md
Renamed: /Users/joey/Library/Mobile Documents/com~apple~CloudDocs/Notes/People/The People of Earth/Untitled.md -> /Users/joey/Library/Mobile Documents/com~apple~CloudDocs/Notes/People/The People of Earth/Understanding Before Facing God.md
Renamed: /Users/joey/Library/Mobile Documents/com~apple~CloudDocs/Notes/People/The People of Earth/Untitled 1.md -> /Users/joey/Library/Mobile Documents/com~apple~CloudDocs/Notes/People/The People of Earth/Women and the Male Success Model.md
Renamed: /Users/joey/Library/Mobile Documents/com~apple~CloudDocs/Notes/People/The People of Earth/Untitled 2.md -> /Users/joey/Library/Mobile Documents/com~apple~CloudDocs/Notes/People/The People of Earth/Satisfaction and Gratitude.md
Renamed: /Users/joey/Library/Mobile Documents/com~apple~CloudDocs/Notes/People/The People of Earth/Untitled 3.md -> /Users/joey/Library/Mobile Documents/com~apple~CloudDocs/Notes/People/The People of Earth/Computers as Servants, Not Masters.md
Renamed: /Users/joey/Library/Mobile Documents/com~apple~CloudDocs/Notes/People/The People of Earth/Untitled 4.md -> /Users/joey/Library/Mobile Documents/com~apple~CloudDocs/Notes/People/The People of Earth/Ancient Wisdom and Modern Arrogance.md
Renamed: /Users/joey/Library/Mobile Documents/com~apple~CloudDocs/Notes/People/Um/untitled.md -> /Users/joey/Library/Mobile Documents/com~apple~CloudDocs/Notes/People/Um/Free Speech and Cultural Surrender.md
Renamed: /Users/joey/Library/Mobile Documents/com~apple~CloudDocs/Notes/SOL Notes/Rough/ER.md -> /Users/joey/Library/Mobile Documents/com~apple~CloudDocs/Notes/SOL Notes/Rough/Rachael's Scooter Fall.md
Renamed: /Users/joey/Library/Mobile Documents/com~apple~CloudDocs/Notes/SOL Notes/Rough/GPS.md -> /Users/joey/Library/Mobile Documents/com~apple~CloudDocs/Notes/SOL Notes/Rough/Transporter Named GPS.md
Renamed: /Users/joey/Library/Mobile Documents/com~apple~CloudDocs/Notes/SOL Notes/Rough/Untitled.md -> /Users/joey/Library/Mobile Documents/com~apple~CloudDocs/Notes/SOL Notes/Rough/Unity, Progress, and Success.md
Renamed: /Users/joey/Library/Mobile Documents/com~apple~CloudDocs/Notes/SOL Notes/Rough/Untitled 1.md -> /Users/joey/Library/Mobile Documents/com~apple~CloudDocs/Notes/SOL Notes/Rough/Persistence Despite Tempting Stops.md
Renamed: /Users/joey/Library/Mobile Documents/com~apple~CloudDocs/Notes/SOL Notes/Rough/Untitled 2.md -> /Users/joey/Library/Mobile Documents/com~apple~CloudDocs/Notes/SOL Notes/Rough/Sheila Drilling the Syxe Crew.md
Renamed: /Users/joey/Library/Mobile Documents/com~apple~CloudDocs/Notes/Scratch/GCS.md -> /Users/joey/Library/Mobile Documents/com~apple~CloudDocs/Notes/Scratch/GCS Pre-Press Changes Review.md
Renamed: /Users/joey/Library/Mobile Documents/com~apple~CloudDocs/Notes/Scratch/H.md -> /Users/joey/Library/Mobile Documents/com~apple~CloudDocs/Notes/Scratch/Freelance Website Project Offer.md
Renamed: /Users/joey/Library/Mobile Documents/com~apple~CloudDocs/Notes/Scratch/Hmm.md -> /Users/joey/Library/Mobile Documents/com~apple~CloudDocs/Notes/Scratch/Certell Standup Schedule Planning.md
Renamed: /Users/joey/Library/Mobile Documents/com~apple~CloudDocs/Notes/Scratch/M.md -> /Users/joey/Library/Mobile Documents/com~apple~CloudDocs/Notes/Scratch/Multi-Project Status Update.md
Renamed: /Users/joey/Library/Mobile Documents/com~apple~CloudDocs/Notes/Scratch/N.md -> /Users/joey/Library/Mobile Documents/com~apple~CloudDocs/Notes/Scratch/Next.js Performance Webinar Notes.md
Renamed: /Users/joey/Library/Mobile Documents/com~apple~CloudDocs/Notes/Scratch/T.md -> /Users/joey/Library/Mobile Documents/com~apple~CloudDocs/Notes/Scratch/Mixpanel vs Google Analytics Comparison.md
Renamed: /Users/joey/Library/Mobile Documents/com~apple~CloudDocs/Notes/Untitled.md -> /Users/joey/Library/Mobile Documents/com~apple~CloudDocs/Notes/Machines Should Serve, Not Lead.md
[2026-02-07 21:58:43] Plan applied. Renamed 20 file(s). Deleted 0 empty file(s).


[2026-02-08 12:41:53] Applying Cursor CLI plan
Renamed: /Users/joey/Library/Mobile Documents/com~apple~CloudDocs/Notes/Untitled.md -> /Users/joey/Library/Mobile Documents/com~apple~CloudDocs/Notes/Sliver of Light Episode 2 Synopsis.md
[2026-02-08 12:41:53] Plan applied. Renamed 1 file(s). Deleted 0 empty file(s).


[2026-02-09 12:37:06] Applying Cursor CLI plan
Deleted empty file: /Users/joey/Library/Mobile Documents/com~apple~CloudDocs/Notes/SOL Notes/rough, restored/Eli.md
Renamed: /Users/joey/Library/Mobile Documents/com~apple~CloudDocs/Notes/Gym.md -> /Users/joey/Library/Mobile Documents/com~apple~CloudDocs/Notes/Gym Bag Essentials.md
Renamed: /Users/joey/Library/Mobile Documents/com~apple~CloudDocs/Notes/People/Mom/Rob.md -> /Users/joey/Library/Mobile Documents/com~apple~CloudDocs/Notes/People/Mom/What Rob Left Behind.md
[2026-02-09 12:37:06] Plan applied. Renamed 2 file(s). Deleted 1 empty file(s).


[2026-02-13 12:35:22] Applying Cursor CLI plan
Renamed: /Users/joey/Library/Mobile Documents/com~apple~CloudDocs/Notes/People/Mom/Untitled.md -> /Users/joey/Library/Mobile Documents/com~apple~CloudDocs/Notes/People/Mom/Mom's Political Positions.md
[2026-02-13 12:35:22] Plan applied. Renamed 1 file(s). Deleted 0 empty file(s).


[2026-02-14 12:35:21] Applying Cursor CLI plan
Renamed: /Users/joey/Library/Mobile Documents/com~apple~CloudDocs/Notes/People/The People of Earth/Untitled.md -> /Users/joey/Library/Mobile Documents/com~apple~CloudDocs/Notes/People/The People of Earth/American Political Realignment.md
[2026-02-14 12:35:21] Plan applied. Renamed 1 file(s). Deleted 0 empty file(s).


[2026-03-31 15:54:11] Script started
[2026-03-31 15:54:11] Preflight: cursor --version
2.6.22
c6285feaba0ad62603f7c22e72f0a170dc8415a0
arm64
[2026-03-31 15:54:11] Preflight: skipping cursor whoami in launchd
[2026-03-31 15:54:11] Candidates: 23
[2026-04-01 12:35:54] Applying Cursor CLI plan
Deleted empty file: /Users/joey/Library/Mobile Documents/com~apple~CloudDocs/Notes/().md
Deleted empty file: /Users/joey/Library/Mobile Documents/com~apple~CloudDocs/Notes/People/Untitled.md
Deleted empty file: /Users/joey/Library/Mobile Documents/com~apple~CloudDocs/Notes/The.md
Renamed: /Users/joey/Library/Mobile Documents/com~apple~CloudDocs/Notes/DAIS/Untitled.md -> /Users/joey/Library/Mobile Documents/com~apple~CloudDocs/Notes/DAIS/AI Comment Summaries and Consensus Modes.md
Renamed: /Users/joey/Library/Mobile Documents/com~apple~CloudDocs/Notes/People/Dad/Untitled.md -> /Users/joey/Library/Mobile Documents/com~apple~CloudDocs/Notes/People/Dad/Truth Without Cognizers and Immortality.md
Renamed: /Users/joey/Library/Mobile Documents/com~apple~CloudDocs/Notes/People/Gavin, my Son/Untitled.md -> /Users/joey/Library/Mobile Documents/com~apple~CloudDocs/Notes/People/Gavin, my Son/Self-Others Balance and Reciprocal Fairness.md
Renamed: /Users/joey/Library/Mobile Documents/com~apple~CloudDocs/Notes/People/I, Joey/Untitled.md -> /Users/joey/Library/Mobile Documents/com~apple~CloudDocs/Notes/People/I, Joey/Life Framed as Majors and Minors.md
Renamed: /Users/joey/Library/Mobile Documents/com~apple~CloudDocs/Notes/People/Livingstons/Untitled 1.md -> /Users/joey/Library/Mobile Documents/com~apple~CloudDocs/Notes/People/Livingstons/Duncan Bite Response to Rachael on Blame.md
Renamed: /Users/joey/Library/Mobile Documents/com~apple~CloudDocs/Notes/People/Livingstons/Untitled 2.md -> /Users/joey/Library/Mobile Documents/com~apple~CloudDocs/Notes/People/Livingstons/Dog Bite Victim Rights and Family Support.md
Renamed: /Users/joey/Library/Mobile Documents/com~apple~CloudDocs/Notes/People/Livingstons/Untitled.md -> /Users/joey/Library/Mobile Documents/com~apple~CloudDocs/Notes/People/Livingstons/Growling Dog Dominance and Family Violence Analogy.md
Renamed: /Users/joey/Library/Mobile Documents/com~apple~CloudDocs/Notes/People/Mom/Untitled.md -> /Users/joey/Library/Mobile Documents/com~apple~CloudDocs/Notes/People/Mom/Creative Grammar Versus Rigid School Rules.md
Renamed: /Users/joey/Library/Mobile Documents/com~apple~CloudDocs/Notes/People/Rachael, my Daughter/Untitled 1.md -> /Users/joey/Library/Mobile Documents/com~apple~CloudDocs/Notes/People/Rachael, my Daughter/Dad Arc and Dog Bite Relationship Threats.md
Renamed: /Users/joey/Library/Mobile Documents/com~apple~CloudDocs/Notes/People/Rachael, my Daughter/Untitled.md -> /Users/joey/Library/Mobile Documents/com~apple~CloudDocs/Notes/People/Rachael, my Daughter/Manipulation-Free Long-Term Partnerships Question.md
Renamed: /Users/joey/Library/Mobile Documents/com~apple~CloudDocs/Notes/People/The People of Earth/Untitled.md -> /Users/joey/Library/Mobile Documents/com~apple~CloudDocs/Notes/People/The People of Earth/Popular Trust as Samsons Hair.md
Renamed: /Users/joey/Library/Mobile Documents/com~apple~CloudDocs/Notes/People/The People of Earth/Untitled 1.md -> /Users/joey/Library/Mobile Documents/com~apple~CloudDocs/Notes/People/The People of Earth/Circular Thinking and Aiming Upward.md
Renamed: /Users/joey/Library/Mobile Documents/com~apple~CloudDocs/Notes/People/The People of Earth/Untitled 2.md -> /Users/joey/Library/Mobile Documents/com~apple~CloudDocs/Notes/People/The People of Earth/Peirce Belief Fixation and Epistemic Truth.md
Renamed: /Users/joey/Library/Mobile Documents/com~apple~CloudDocs/Notes/People/The People of Earth/Untitled 3.md -> /Users/joey/Library/Mobile Documents/com~apple~CloudDocs/Notes/People/The People of Earth/Political Insults and Friendship Endings.md
Renamed: /Users/joey/Library/Mobile Documents/com~apple~CloudDocs/Notes/People/The People of Earth/Untitled 4.md -> /Users/joey/Library/Mobile Documents/com~apple~CloudDocs/Notes/People/The People of Earth/Gifted Class and Classical Pastor Education.md
Renamed: /Users/joey/Library/Mobile Documents/com~apple~CloudDocs/Notes/People/The People of Earth/Untitled 5.md -> /Users/joey/Library/Mobile Documents/com~apple~CloudDocs/Notes/People/The People of Earth/Bigotry and Single-Perspective Respect.md
Renamed: /Users/joey/Library/Mobile Documents/com~apple~CloudDocs/Notes/People/The People of Earth/Untitled 6.md -> /Users/joey/Library/Mobile Documents/com~apple~CloudDocs/Notes/People/The People of Earth/Tolerance Limits and Seventy Times Seven.md
Renamed: /Users/joey/Library/Mobile Documents/com~apple~CloudDocs/Notes/People/The People of Earth/Untitled 7.md -> /Users/joey/Library/Mobile Documents/com~apple~CloudDocs/Notes/People/The People of Earth/Political Friend Lies and Unresolvable Wound.md
Renamed: /Users/joey/Library/Mobile Documents/com~apple~CloudDocs/Notes/People/The People of Earth/untitled1.md -> /Users/joey/Library/Mobile Documents/com~apple~CloudDocs/Notes/People/The People of Earth/LGBTQ Allyship and Sex-Segregated Spaces.md
Renamed: /Users/joey/Library/Mobile Documents/com~apple~CloudDocs/Notes/SOL Notes/Rough/Untitled.md -> /Users/joey/Library/Mobile Documents/com~apple~CloudDocs/Notes/SOL Notes/Rough/Popular Trust as Samsons Hair (2).md
Renamed: /Users/joey/Library/Mobile Documents/com~apple~CloudDocs/Notes/SOL Notes/Rough/Untitled 1.md -> /Users/joey/Library/Mobile Documents/com~apple~CloudDocs/Notes/SOL Notes/Rough/Atmo First-Generation AI Narrative Fiction.md
[2026-04-01 12:35:54] Plan applied. Renamed 21 file(s). Deleted 3 empty file(s).


